<?xml version="1.0" encoding="UTF-8"?>
<!-- Generated by org.testng.reporters.JUnitXMLReporter -->
<testsuite ignored="2" hostname="VISHESH-KUMAR" failures="1" tests="4" name="OrangeHRMTest" time="265.797" errors="0" timestamp="2025-07-30T22:27:02 IST">
  <testcase classname="com.orangeHRM_Tests.DummyClass" name="Dummy" time="9.813"/>
  <testcase classname="com.orangeHRM_Tests.DummyClass2" name="Dummy2" time="0.029"/>
  <testcase classname="com.orangeHRM_Tests.LoginPageTest" name="invalidlogin" time="64.736">
    <failure type="java.lang.AssertionError" message="Test Failed : Invalid Error Msg expected [true] but found [false]">
      <![CDATA[java.lang.AssertionError: Test Failed : Invalid Error Msg expected [true] but found [false]
at com.orangeHRM_Tests.LoginPageTest.invalidlogin(LoginPageTest.java:35)
at java.base/java.util.ArrayList.forEach(ArrayList.java:1597)
... Removed 28 stack frames]]>
    </failure>
  </testcase> <!-- invalidlogin -->
  <testcase classname="com.orangeHRM_Tests.LoginPageTest" name="verifyvalidloginTest" time="106.182"/>
  <testcase classname="com.orangeHRM_Base.BaseClassHRM" name="@BeforeSuite loadConfig" time="0.0">
    <ignored/>
  </testcase> <!-- @BeforeSuite loadConfig -->
  <testcase classname="com.orangeHRM_Base.BaseClassHRM" name="@BeforeSuite loadConfig" time="0.0">
    <ignored/>
  </testcase> <!-- @BeforeSuite loadConfig -->
</testsuite> <!-- OrangeHRMTest -->
